Using pre-set license
Desktop is 1366 x 768 @ 60 Hz

 COMMAND LINE ARGUMENTS:
Unity
-adb2
-batchMode
-noUpm
-name
AssetImportWorker93
-projectPath
/media/moscow/Egor_documents/Unity_projects/Little_planet
-logFile
Logs/AssetImportWorker93.log
-srvPort
35597
Successfully changed project path to: /media/moscow/Egor_documents/Unity_projects/Little_planet
/media/moscow/Egor_documents/Unity_projects/Little_planet
Using Asset Import Pipeline V2.
Refreshing native plugins compatible for Editor in 2971,79 ms, found 1 plugins.
Preloading 0 native plugins for Editor in 0,00 ms.
Initialize engine version: 2020.3.8f1 (507919d4fff5)
[Subsystems] Discovering subsystems at path /home/moscow/Unity/Hub/Editor/2020.3.8f1/Editor/Data/Resources/UnitySubsystems
[Subsystems] Discovering subsystems at path /media/moscow/Egor_documents/Unity_projects/Little_planet/Assets
